Arguments: 
  D:\Program Files (x86)\nodejs\node.exe C:\Users\abdo\AppData\Roaming\npm\node_modules\yarn\bin\yarn.js i

PATH: 
  C:\Users\abdo\bin;D:\Program Files (x86)\Git\mingw32\bin;D:\Program Files (x86)\Git\usr\local\bin;D:\Program Files (x86)\Git\usr\bin;D:\Program Files (x86)\Git\usr\bin;D:\Program Files (x86)\Git\mingw32\bin;D:\Program Files (x86)\Git\usr\bin;C:\Users\abdo\bin;D:\RailsInstaller\Git\cmd;D:\RailsInstaller\Ruby2.3.3\bin;C:\ProgramData\Oracle\Java\javapath;C:\Windows\system32;C:\Windows;C:\Windows\System32\Wbem;C:\Windows\System32\WindowsPowerShell\v1.0;D:\Program Files (x86)\Git\cmd;C:\Users\abdo\AppData\Local\Android\android-sdk\tools;C:\Users\abdo\AppData\Local\Android\android-sdk\platform-tools;C:\Gradle\bin;C:\xampp\php;D:\composer;D:\Program Files (x86)\nodejs;C:\Users\abdo\Anaconda3;C:\Users\abdo\Anaconda3\Scripts;C:\Users\abdo\Anaconda3\Library\bin;C:\Users\abdo\AppData\Roaming\Composer\vendor\bin;D:\Program Files (x86)\Sublime Text 3;C:\Users\abdo\AppData\Roaming\npm;C:\xampp\mysql\bin;D:\Program Files (x86)\Git\usr\bin\vendor_perl;D:\Program Files (x86)\Git\usr\bin\core_perl

Yarn version: 
  1.5.1

Node version: 
  6.11.2

Platform: 
  win32 ia32

npm manifest: 
  {
    "name": "adonis-app",
    "version": "3.2.1",
    "main": "server.js",
    "scripts": {
      "start": "echo \"\\033[31mWARN: 'start' will be depreciated soon. Instead use 'npm run serve'\" && npm run serve",
      "dev": "echo \"\\033[31mWARN: 'dev' will be depreciated soon. Instead use 'npm run serve:dev'\" && npm run serve:dev",
      "serve:dev": "nodemon --watch app --watch bootstrap --watch config --watch .env -x node server.js",
      "serve": "node server.js",
      "lint": "standard"
    },
    "author": "",
    "license": "MIT",
    "description": "",
    "private": true,
    "dependencies": {
      "adonis-ace": "^3.0.7",
      "adonis-auth": "^1.0.5",
      "adonis-commands": "^2.1.5",
      "adonis-fold": "^3.0.3",
      "adonis-framework": "^3.0.10",
      "adonis-lucid": "^3.0.14",
      "adonis-middleware": "^1.0.11",
      "adonis-websocket": "^1.0.3",
      "youch": "^2.0.4"
    },
    "standard": {
      "global": [
        "use",
        "make"
      ]
    },
    "autoload": {
      "App": "./app"
    },
    "devDependencies": {
      "nodemon": "^1.11.0",
      "standard": "^10.0.1"
    }
  }

yarn manifest: 
  No manifest

Lockfile: 
  No lockfile

Trace: 
  Error: Command "i" not found.
      at MessageError.Error (native)
      at new MessageError (C:\Users\abdo\AppData\Roaming\npm\node_modules\yarn\lib\cli.js:186:110)
      at C:\Users\abdo\AppData\Roaming\npm\node_modules\yarn\lib\cli.js:87307:17
      at next (native)
      at step (C:\Users\abdo\AppData\Roaming\npm\node_modules\yarn\lib\cli.js:98:30)
      at C:\Users\abdo\AppData\Roaming\npm\node_modules\yarn\lib\cli.js:116:14
      at Promise.F (C:\Users\abdo\AppData\Roaming\npm\node_modules\yarn\lib\cli.js:23451:28)
      at C:\Users\abdo\AppData\Roaming\npm\node_modules\yarn\lib\cli.js:95:12
      at runCommand (C:\Users\abdo\AppData\Roaming\npm\node_modules\yarn\lib\cli.js:87312:22)
      at Object.<anonymous> (C:\Users\abdo\AppData\Roaming\npm\node_modules\yarn\lib\cli.js:87412:14)
